2016-07-05 00:24:38 [scrapy] INFO: Scrapy 1.0.5 started (bot: post_osl_ugr)
2016-07-05 00:24:38 [scrapy] INFO: Optional features available: ssl, http11
2016-07-05 00:24:38 [scrapy] INFO: Overridden settings: {'NEWSPIDER_MODULE': 'post_osl_ugr.spiders', 'FEED_URI': 'post.xml', 'SPIDER_MODULES': ['post_osl_ugr.spiders'], 'BOT_NAME': 'post_osl_ugr', 'USER_AGENT': 'Mozilla/5.0 (X11; Linux x86_64; rv:47.0) Gecko/20100101 Firefox/47.0', 'FEED_FORMAT': 'xml', 'LOG_FILE': 'bot.log'}
2016-07-05 00:24:38 [scrapy] INFO: Enabled extensions: CloseSpider, FeedExporter, TelnetConsole, LogStats, CoreStats, SpiderState
2016-07-05 00:24:38 [scrapy] INFO: Enabled downloader middlewares: HttpAuthMiddleware, DownloadTimeoutMiddleware, UserAgentMiddleware, RetryMiddleware, DefaultHeadersMiddleware, MetaRefreshMiddleware, HttpCompressionMiddleware, RedirectMiddleware, CookiesMiddleware, ChunkedTransferMiddleware, DownloaderStats
2016-07-05 00:24:38 [scrapy] INFO: Enabled spider middlewares: HttpErrorMiddleware, OffsiteMiddleware, RefererMiddleware, UrlLengthMiddleware, DepthMiddleware
2016-07-05 00:24:38 [scrapy] INFO: Enabled item pipelines: 
2016-07-05 00:24:38 [scrapy] INFO: Spider opened
2016-07-05 00:24:38 [scrapy] INFO: Crawled 0 pages (at 0 pages/min), scraped 0 items (at 0 items/min)
2016-07-05 00:24:38 [scrapy] DEBUG: Telnet console listening on 127.0.0.1:6023
2016-07-05 00:24:39 [scrapy] DEBUG: Crawled (200) <GET http://osl.ugr.es/> (referer: None)
2016-07-05 00:24:39 [PostGrabber] INFO: Categoria: []
2016-07-05 00:24:39 [scrapy] DEBUG: Scraped from <200 http://osl.ugr.es/>
{'titulo': [u'Informe de experiencia de usuario en Open Data UGR']}
2016-07-05 00:24:39 [PostGrabber] INFO: Categoria: []
2016-07-05 00:24:39 [scrapy] DEBUG: Scraped from <200 http://osl.ugr.es/>
{'titulo': [u'Taller Donaci\xf3n Colegios']}
2016-07-05 00:24:39 [PostGrabber] INFO: Categoria: []
2016-07-05 00:24:39 [scrapy] DEBUG: Scraped from <200 http://osl.ugr.es/>
{'titulo': [u'Informe sobre tasas de rendimiento acad\xe9mico']}
2016-07-05 00:24:39 [PostGrabber] INFO: Categoria: []
2016-07-05 00:24:39 [scrapy] DEBUG: Scraped from <200 http://osl.ugr.es/>
{'titulo': [u'Entrega de premios del Certamen de Proyectos Libres de la UGR']}
2016-07-05 00:24:39 [PostGrabber] INFO: Categoria: []
2016-07-05 00:24:39 [scrapy] DEBUG: Scraped from <200 http://osl.ugr.es/>
{'titulo': [u'Final del Certamen de Proyectos Libres de la UGR']}
2016-07-05 00:24:39 [PostGrabber] INFO: Categoria: []
2016-07-05 00:24:39 [scrapy] DEBUG: Scraped from <200 http://osl.ugr.es/>
{'titulo': [u'Finalizada la 18\xaa campa\xf1a de Software libre']}
2016-07-05 00:24:39 [scrapy] INFO: Closing spider (finished)
2016-07-05 00:24:39 [scrapy] INFO: Stored xml feed (6 items) in: post.xml
2016-07-05 00:24:39 [scrapy] INFO: Dumping Scrapy stats:
{'downloader/request_bytes': 243,
 'downloader/request_count': 1,
 'downloader/request_method_count/GET': 1,
 'downloader/response_bytes': 11911,
 'downloader/response_count': 1,
 'downloader/response_status_count/200': 1,
 'finish_reason': 'finished',
 'finish_time': datetime.datetime(2016, 7, 4, 22, 24, 39, 430056),
 'item_scraped_count': 6,
 'log_count/DEBUG': 8,
 'log_count/INFO': 14,
 'response_received_count': 1,
 'scheduler/dequeued': 1,
 'scheduler/dequeued/memory': 1,
 'scheduler/enqueued': 1,
 'scheduler/enqueued/memory': 1,
 'start_time': datetime.datetime(2016, 7, 4, 22, 24, 38, 431030)}
2016-07-05 00:24:39 [scrapy] INFO: Spider closed (finished)
